<?xml version="1.0" encoding="UTF-8"?>
<!-- Generated by org.testng.reporters.JUnitXMLReporter -->
<testsuite ignored="2" hostname="DESKTOP-C1FO4PM" failures="0" tests="1" name="Linux-Chrome" time="35.646" errors="0" timestamp="2025-02-26T12:20:53 IST">
  <testcase classname="testCases.TC002_LoginPageTest" name="verifyLogin" time="6.938"/>
  <testcase classname="testCases.TC001_AccountRegistrationTest" name="verify_account_registration" time="0.0">
    <ignored/>
  </testcase> <!-- verify_account_registration -->
  <testcase classname="testCases.TC003_LoginPageTestDDT" name="LoginTestDDT" time="0.0">
    <ignored/>
  </testcase> <!-- LoginTestDDT -->
</testsuite> <!-- Linux-Chrome -->
