<?xml version="1.0" encoding="UTF-8"?>
<!-- Generated by org.testng.reporters.JUnitXMLReporter -->
<testsuite ignored="0" hostname="DESKTOP-C1FO4PM" failures="1" tests="2" name="Test" time="15.938" errors="0" timestamp="2025-01-17T15:35:44 IST">
  <testcase classname="testCases.TC003_LoginPageTestDDT" name="LoginTestDDT" time="0.0">
    <failure type="java.lang.RuntimeException" message="java.lang.NullPointerException">
      <![CDATA[java.lang.RuntimeException: java.lang.NullPointerException
at java.base/java.util.ArrayList.forEach(ArrayList.java:1596)
Caused by: java.lang.NullPointerException
at java.base/java.io.FileInputStream.<init>(FileInputStream.java:144)
at utilities.ExcelUtility.getRowCount(ExcelUtility.java:44)
at utilities.DataProviders.getData(DataProviders.java:13)
... 25 more
... Removed 30 stack frames]]>
    </failure>
  </testcase> <!-- LoginTestDDT -->
  <testcase classname="testCases.TC003_LoginPageTestDDT" name="test" time="0.011"/>
</testsuite> <!-- Test -->
