<?xml version="1.0" encoding="UTF-8"?>
<!-- Generated by org.testng.reporters.JUnitXMLReporter -->
<testsuite ignored="16" hostname="DESKTOP-C1FO4PM" failures="0" tests="29" name="ChromrTest" time="678.54" errors="0" timestamp="2025-04-01T15:52:04 IST">
  <testcase classname="testCases.TC001_AccountRegistrationTest" name="verify_account_registration" time="6.025"/>
  <testcase classname="testCases.TC002_LoginPageTest" name="verifyLogin" time="9.483"/>
  <testcase classname="testCases.TC007_AddToCartPLPTest" name="PLPAddToCart" time="34.838"/>
  <testcase classname="testCases.TC008_WishListPDP" name="PDPAddToWishList" time="45.784"/>
  <testcase classname="testCases.TC008_WishListPDP" name="PDPRemoveFromWishList" time="2.476"/>
  <testcase classname="testCases.TC004_AddToCart" name="AddToCart" time="51.358"/>
  <testcase classname="testCases.TC009_Minicart" name="addToWishListInMiniCartPage" time="2.48"/>
  <testcase classname="testCases.TC009_Minicart" name="removeFromWishListInCartPage" time="3.512"/>
  <testcase classname="testCases.TC009_Minicart" name="increaseProductQuanityInMiniCart" time="17.544"/>
  <testcase classname="testCases.TC009_Minicart" name="decreaseProductQuanityInMiniCart" time="13.454"/>
  <testcase classname="testCases.TC009_Minicart" name="applyCouponCodeValidation" time="3.36"/>
  <testcase classname="testCases.TC009_Minicart" name="removeCouponCodeValidation" time="1.271"/>
  <testcase classname="testCases.TC009_Minicart" name="removeProductFromMiniCart" time="2.525"/>
  <testcase classname="testCases.TC006_AddFreeBeeToCart" name="addFreeBeeValidation" time="61.937"/>
  <testcase classname="testCases.TC006_AddFreeBeeToCart" name="removeFreeBeeValidation" time="12.528"/>
  <testcase classname="testCases.TC006_AddFreeBeeToCart" name="addToWishListInCartPage" time="6.866"/>
  <testcase classname="testCases.TC006_AddFreeBeeToCart" name="removeFromWishListInCartPage" time="3.531"/>
  <testcase classname="testCases.TC006_AddFreeBeeToCart" name="increaseProductQuanityInCartPage" time="17.508"/>
  <testcase classname="testCases.TC006_AddFreeBeeToCart" name="decreaseProductQuanityInCartPage" time="15.502"/>
  <testcase classname="testCases.TC006_AddFreeBeeToCart" name="addCouponCodeInCartPageValidation" time="5.489"/>
  <testcase classname="testCases.TC006_AddFreeBeeToCart" name="removeCouponCodeInCartPageValidation" time="1.875"/>
  <testcase classname="testCases.TC006_AddFreeBeeToCart" name="removeProductFromCart" time="5.149"/>
  <testcase classname="testCases.TC010_Checkoutpage" name="applyLoyaltyPointToCart" time="73.261"/>
  <testcase classname="testCases.TC010_Checkoutpage" name="removeLoyaltyPointToCart" time="12.372"/>
  <testcase classname="testCases.TC010_Checkoutpage" name="addNewAddress" time="5.314"/>
  <testcase classname="testCases.TC010_Checkoutpage" name="editNewAddress" time="7.401"/>
  <testcase classname="testCases.TC010_Checkoutpage" name="addAlternateNewAddress" time="17.009"/>
  <testcase classname="testCases.TC011_OrderPlace" name="orderPlacing" time="131.845"/>
  <testcase classname="testCases.TC011_OrderPlace" name="orderPlacing" time="104.728"/>
  <testcase classname="testCases.BaseClass" name="@BeforeSuite setup" time="0.0">
    <ignored/>
  </testcase> <!-- @BeforeSuite setup -->
  <testcase classname="testCases.BaseClass" name="@AfterSuite teardown" time="0.0">
    <ignored/>
  </testcase> <!-- @AfterSuite teardown -->
  <testcase classname="testCases.BaseClass" name="@BeforeSuite setup" time="0.0">
    <ignored/>
  </testcase> <!-- @BeforeSuite setup -->
  <testcase classname="testCases.BaseClass" name="@AfterSuite teardown" time="0.0">
    <ignored/>
  </testcase> <!-- @AfterSuite teardown -->
  <testcase classname="testCases.BaseClass" name="@BeforeSuite setup" time="0.0">
    <ignored/>
  </testcase> <!-- @BeforeSuite setup -->
  <testcase classname="testCases.BaseClass" name="@BeforeSuite setup" time="0.0">
    <ignored/>
  </testcase> <!-- @BeforeSuite setup -->
  <testcase classname="testCases.BaseClass" name="@BeforeSuite setup" time="0.0">
    <ignored/>
  </testcase> <!-- @BeforeSuite setup -->
  <testcase classname="testCases.BaseClass" name="@AfterSuite teardown" time="0.0">
    <ignored/>
  </testcase> <!-- @AfterSuite teardown -->
  <testcase classname="testCases.BaseClass" name="@AfterSuite teardown" time="0.0">
    <ignored/>
  </testcase> <!-- @AfterSuite teardown -->
  <testcase classname="testCases.BaseClass" name="@AfterSuite teardown" time="0.0">
    <ignored/>
  </testcase> <!-- @AfterSuite teardown -->
  <testcase classname="testCases.BaseClass" name="@AfterSuite teardown" time="0.0">
    <ignored/>
  </testcase> <!-- @AfterSuite teardown -->
  <testcase classname="testCases.BaseClass" name="@AfterSuite teardown" time="0.0">
    <ignored/>
  </testcase> <!-- @AfterSuite teardown -->
  <testcase classname="testCases.BaseClass" name="@AfterSuite teardown" time="0.0">
    <ignored/>
  </testcase> <!-- @AfterSuite teardown -->
  <testcase classname="testCases.BaseClass" name="@BeforeSuite setup" time="0.0">
    <ignored/>
  </testcase> <!-- @BeforeSuite setup -->
  <testcase classname="testCases.BaseClass" name="@BeforeSuite setup" time="0.0">
    <ignored/>
  </testcase> <!-- @BeforeSuite setup -->
  <testcase classname="testCases.BaseClass" name="@BeforeSuite setup" time="0.0">
    <ignored/>
  </testcase> <!-- @BeforeSuite setup -->
</testsuite> <!-- ChromrTest -->
