<?xml version="1.0" encoding="UTF-8"?>
<!-- Generated by org.testng.reporters.JUnitXMLReporter -->
<testsuite ignored="0" hostname="DESKTOP-C1FO4PM" failures="0" tests="6" name="EdgeTest" time="82.342" errors="0" timestamp="2025-02-26T15:34:02 IST">
  <testcase classname="testCases.TC003_LoginPageTestDDT" name="LoginTestDDT" time="7.957"/>
  <testcase classname="testCases.TC003_LoginPageTestDDT" name="LoginTestDDT" time="8.159"/>
  <testcase classname="testCases.TC003_LoginPageTestDDT" name="LoginTestDDT" time="8.082"/>
  <testcase classname="testCases.TC003_LoginPageTestDDT" name="LoginTestDDT" time="8.377"/>
  <testcase classname="testCases.TC003_LoginPageTestDDT" name="LoginTestDDT" time="8.12"/>
  <testcase classname="testCases.TC003_LoginPageTestDDT" name="LoginTestDDT" time="10.932"/>
</testsuite> <!-- EdgeTest -->
