<?xml version="1.0" encoding="UTF-8"?>
<testng-results ignored="0" total="1" passed="1" failed="0" skipped="0">
  <reporter-output>
  </reporter-output>
  <suite started-at="2025-02-28T17:58:04 IST" name="Master Suite" finished-at="2025-02-28T17:58:34 IST" duration-ms="29369">
    <groups>
      <group name="Sanity">
        <method signature="TC002_LoginPageTest.verifyLogin()[pri:0, instance:testCases.TC002_LoginPageTest@7a220c9a]" name="verifyLogin" class="testCases.TC002_LoginPageTest"/>
      </group> <!-- Sanity -->
    </groups>
    <test started-at="2025-02-28T17:58:04 IST" name="ChromeTest" finished-at="2025-02-28T17:58:34 IST" duration-ms="29369">
      <class name="testCases.TC002_LoginPageTest">
        <test-method is-config="true" signature="setup(java.lang.String,java.lang.String)[pri:0, instance:testCases.TC002_LoginPageTest@7a220c9a]" started-at="2025-02-28T17:58:05 IST" name="setup" finished-at="2025-02-28T17:58:27 IST" duration-ms="22108" status="PASS">
          <params>
            <param index="0">
              <value>
                <![CDATA[Windows]]>
              </value>
            </param>
            <param index="1">
              <value>
                <![CDATA[chrome]]>
              </value>
            </param>
          </params>
          <reporter-output>
          </reporter-output>
        </test-method> <!-- setup -->
        <test-method signature="verifyLogin()[pri:0, instance:testCases.TC002_LoginPageTest@7a220c9a]" started-at="2025-02-28T17:58:27 IST" name="verifyLogin" finished-at="2025-02-28T17:58:33 IST" duration-ms="6174" status="PASS">
          <reporter-output>
          </reporter-output>
        </test-method> <!-- verifyLogin -->
        <test-method is-config="true" signature="teardown()[pri:0, instance:testCases.TC002_LoginPageTest@7a220c9a]" started-at="2025-02-28T17:58:33 IST" name="teardown" finished-at="2025-02-28T17:58:34 IST" duration-ms="481" status="PASS">
          <reporter-output>
          </reporter-output>
        </test-method> <!-- teardown -->
      </class> <!-- testCases.TC002_LoginPageTest -->
    </test> <!-- ChromeTest -->
  </suite> <!-- Master Suite -->
</testng-results>
