<?xml version="1.0" encoding="UTF-8"?>
<testng-results ignored="0" total="1" passed="1" failed="0" skipped="0">
  <reporter-output>
  </reporter-output>
  <suite started-at="2025-04-10T12:24:28 IST" name="Suite" finished-at="2025-04-10T12:24:37 IST" duration-ms="8963">
    <groups>
      <group name="Regression">
        <method signature="TC001_AccountRegistrationTest.verify_account_registration()[pri:0, instance:testCases.TC001_AccountRegistrationTest@502f1f4c]" name="verify_account_registration" class="testCases.TC001_AccountRegistrationTest"/>
      </group> <!-- Regression -->
    </groups>
    <test started-at="2025-04-10T12:24:28 IST" name="ChromrTest" finished-at="2025-04-10T12:24:37 IST" duration-ms="8963">
      <class name="testCases.TC001_AccountRegistrationTest">
        <test-method is-config="true" signature="setup(java.lang.String,java.lang.String)[pri:0, instance:testCases.TC001_AccountRegistrationTest@502f1f4c]" started-at="2025-04-10T12:24:08 IST" name="setup" finished-at="2025-04-10T12:24:28 IST" duration-ms="20579" status="PASS">
          <params>
            <param index="0">
              <value>
                <![CDATA[Windows]]>
              </value>
            </param>
            <param index="1">
              <value>
                <![CDATA[chrome]]>
              </value>
            </param>
          </params>
          <reporter-output>
          </reporter-output>
        </test-method> <!-- setup -->
        <test-method signature="verify_account_registration()[pri:0, instance:testCases.TC001_AccountRegistrationTest@502f1f4c]" started-at="2025-04-10T12:24:29 IST" name="verify_account_registration" finished-at="2025-04-10T12:24:37 IST" duration-ms="8115" status="PASS">
          <reporter-output>
          </reporter-output>
        </test-method> <!-- verify_account_registration -->
        <test-method is-config="true" signature="teardown()[pri:0, instance:testCases.TC001_AccountRegistrationTest@502f1f4c]" started-at="2025-04-10T12:24:40 IST" name="teardown" finished-at="2025-04-10T12:24:42 IST" duration-ms="2520" status="PASS">
          <reporter-output>
          </reporter-output>
        </test-method> <!-- teardown -->
      </class> <!-- testCases.TC001_AccountRegistrationTest -->
    </test> <!-- ChromrTest -->
  </suite> <!-- Suite -->
</testng-results>
